c:\users\tzy\documents\github\tools-\源文件\下载组件\httpdownloader\release\httpdownloader.bsc
c:\users\tzy\documents\github\tools-\源文件\下载组件\httpdownloader\release\vc120.pdb
c:\users\tzy\documents\github\tools-\源文件\下载组件\httpdownloader\release\httpdownloader.sbr
c:\users\tzy\documents\github\tools-\源文件\下载组件\httpdownloader\release\main.sbr
c:\users\tzy\documents\github\tools-\源文件\下载组件\httpdownloader\release\main.nativecodeanalysis.xml
c:\users\tzy\documents\github\tools-\源文件\下载组件\httpdownloader\release\httpdownloader.nativecodeanalysis.xml
c:\users\tzy\documents\github\tools-\源文件\下载组件\httpdownloader\release\httpdownloader.obj
c:\users\tzy\documents\github\tools-\源文件\下载组件\httpdownloader\release\main.obj
c:\users\tzy\documents\github\tools-\源文件\下载组件\httpdownloader\release\httpdownloader.exe
c:\users\tzy\documents\github\tools-\源文件\下载组件\httpdownloader\release\httpdownloader.pdb
c:\users\tzy\documents\github\tools-\源文件\下载组件\httpdownloader\release\nativecodeanalysis.read.1.tlog
c:\users\tzy\documents\github\tools-\源文件\下载组件\httpdownloader\release\vc.nativecodeanalysis.all.xml
c:\users\tzy\documents\github\tools-\源文件\下载组件\httpdownloader\release\httpdownloader.exe.lastcodeanalysissucceeded
c:\users\tzy\documents\github\tools-\源文件\下载组件\httpdownloader\release\httpdownloader.tlog\bscmake.command.1.tlog
c:\users\tzy\documents\github\tools-\源文件\下载组件\httpdownloader\release\httpdownloader.tlog\bscmake.read.1.tlog
c:\users\tzy\documents\github\tools-\源文件\下载组件\httpdownloader\release\httpdownloader.tlog\bscmake.write.1.tlog
c:\users\tzy\documents\github\tools-\源文件\下载组件\httpdownloader\release\httpdownloader.tlog\cl.command.1.tlog
c:\users\tzy\documents\github\tools-\源文件\下载组件\httpdownloader\release\httpdownloader.tlog\cl.read.1.tlog
c:\users\tzy\documents\github\tools-\源文件\下载组件\httpdownloader\release\httpdownloader.tlog\cl.write.1.tlog
c:\users\tzy\documents\github\tools-\源文件\下载组件\httpdownloader\release\httpdownloader.tlog\link.command.1.tlog
c:\users\tzy\documents\github\tools-\源文件\下载组件\httpdownloader\release\httpdownloader.tlog\link.read.1.tlog
c:\users\tzy\documents\github\tools-\源文件\下载组件\httpdownloader\release\httpdownloader.tlog\link.write.1.tlog
